INFO  shutting down Metals
INFO  time: initialize in 0.9s
INFO  time: initialize in 0.81s
WARN  Skipping build import, no checksum.
WARN  no build target: /tmp_amd/adams/export/adams/2/ccon404/workspace/assignment3/src/main/scala/caseindex.scala
INFO  no build target: using presentation compiler with only scala-library
WARN  no build target: /tmp_amd/adams/export/adams/2/ccon404/workspace/assignment3/src/main/scala/caseindex.scala
WARN  Skipping build import, no checksum.
WARN  no build target: /tmp_amd/adams/export/adams/2/ccon404/workspace/assignment3/src/main/scala/build.sbt
WARN  Skipping build import, no checksum.
INFO  shutting down Metals
INFO  time: initialize in 0.96s
WARN  Skipping build import, no checksum.
WARN  no build target: /tmp_amd/adams/export/adams/2/ccon404/workspace/assignment3/src/main/scala/assignment.scala
WARN  no build target: /tmp_amd/adams/export/adams/2/ccon404/workspace/assignment3/src/main/scala/note.scala
INFO  no build target: using presentation compiler with only scala-library
Exception in thread "pool-9-thread-1" scala.meta.internal.metals.ControlCancellationException
Caused by: java.util.concurrent.CancellationException
	at scala.meta.internal.metals.ControlCancellationException$.$lessinit$greater$default$1(ControlCancellationException.scala:10)
	at scala.meta.internal.metals.FutureCancelToken.checkCanceled(FutureCancelToken.scala:20)
	at scala.meta.internal.pc.CompilerAccess.$anonfun$onCompilerJobQueue$1(CompilerAccess.scala:189)
	at scala.meta.internal.pc.CompilerJobQueue$Job.run(CompilerJobQueue.scala:73)
	at java.util.concurrent.ThreadPoolExecutor.runWorker(ThreadPoolExecutor.java:1149)
	at java.util.concurrent.ThreadPoolExecutor$Worker.run(ThreadPoolExecutor.java:624)
	at java.lang.Thread.run(Thread.java:748)
WARN  no build target: /tmp_amd/adams/export/adams/2/ccon404/workspace/assignment3/src/main/scala/assignment.scala
WARN  no build target: /tmp_amd/adams/export/adams/2/ccon404/workspace/assignment3/src/main/scala/note.scala
WARN  no build target: /tmp_amd/adams/export/adams/2/ccon404/workspace/assignment3/src/main/scala/assignment.scala
WARN  code navigation does not work for the file '/tmp_amd/adams/export/adams/2/ccon404/workspace/assignment3/src/main/scala/assignment.scala' because it doesn't belong to a build target.
WARN  code navigation does not work for the file '/tmp_amd/adams/export/adams/2/ccon404/workspace/assignment3/src/main/scala/assignment.scala' because it doesn't belong to a build target.
WARN  code navigation does not work for the file '/tmp_amd/adams/export/adams/2/ccon404/workspace/assignment3/src/main/scala/assignment.scala' because it doesn't belong to a build target.
WARN  code navigation does not work for the file '/tmp_amd/adams/export/adams/2/ccon404/workspace/assignment3/src/main/scala/assignment.scala' because it doesn't belong to a build target.
WARN  no build target: /tmp_amd/adams/export/adams/2/ccon404/workspace/assignment3/src/main/scala/assignment.scala
WARN  Skipping build import, no checksum.
WARN  no build target: /tmp_amd/adams/export/adams/2/ccon404/workspace/assignment3/src/main/scala/assignment.scala
WARN  Skipping build import, no checksum.
WARN  no build target: /tmp_amd/adams/export/adams/2/ccon404/workspace/assignment3/src/main/scala/build.sbt
Jul 28, 2019 11:56:07 PM org.eclipse.lsp4j.jsonrpc.RemoteEndpoint handleNotification
WARNING: Notification threw an exception: {
  "jsonrpc": "2.0",
  "method": "workspace/didChangeWatchedFiles",
  "params": {
    "changes": [
      {
        "uri": "file:///tmp_amd/adams/export/adams/2/ccon404/workspace/assignment3/src/main/scala/build.sbt",
        "type": 3
      }
    ]
  }
}
java.lang.RuntimeException: java.lang.reflect.InvocationTargetException
	at org.eclipse.lsp4j.jsonrpc.services.GenericEndpoint.lambda$null$0(GenericEndpoint.java:67)
	at org.eclipse.lsp4j.jsonrpc.services.GenericEndpoint.notify(GenericEndpoint.java:152)
	at org.eclipse.lsp4j.jsonrpc.RemoteEndpoint.handleNotification(RemoteEndpoint.java:220)
	at org.eclipse.lsp4j.jsonrpc.RemoteEndpoint.consume(RemoteEndpoint.java:187)
	at org.eclipse.lsp4j.jsonrpc.json.StreamMessageProducer.handleMessage(StreamMessageProducer.java:192)
	at org.eclipse.lsp4j.jsonrpc.json.StreamMessageProducer.listen(StreamMessageProducer.java:94)
	at org.eclipse.lsp4j.jsonrpc.json.ConcurrentMessageProcessor.run(ConcurrentMessageProcessor.java:113)
	at java.util.concurrent.Executors$RunnableAdapter.call(Executors.java:511)
	at java.util.concurrent.FutureTask.run(FutureTask.java:266)
	at java.util.concurrent.ThreadPoolExecutor.runWorker(ThreadPoolExecutor.java:1149)
	at java.util.concurrent.ThreadPoolExecutor$Worker.run(ThreadPoolExecutor.java:624)
	at java.lang.Thread.run(Thread.java:748)
Caused by: java.lang.reflect.InvocationTargetException
	at sun.reflect.NativeMethodAccessorImpl.invoke0(Native Method)
	at sun.reflect.NativeMethodAccessorImpl.invoke(NativeMethodAccessorImpl.java:62)
	at sun.reflect.DelegatingMethodAccessorImpl.invoke(DelegatingMethodAccessorImpl.java:43)
	at java.lang.reflect.Method.invoke(Method.java:498)
	at org.eclipse.lsp4j.jsonrpc.services.GenericEndpoint.lambda$null$0(GenericEndpoint.java:65)
	... 11 more
Caused by: java.nio.file.NoSuchFileException: /tmp_amd/adams/export/adams/2/ccon404/workspace/assignment3/src/main/scala/build.sbt
	at sun.nio.fs.UnixException.translateToIOException(UnixException.java:86)
	at sun.nio.fs.UnixException.rethrowAsIOException(UnixException.java:102)
	at sun.nio.fs.UnixException.rethrowAsIOException(UnixException.java:107)
	at sun.nio.fs.UnixFileSystemProvider.newByteChannel(UnixFileSystemProvider.java:214)
	at java.nio.file.Files.newByteChannel(Files.java:361)
	at java.nio.file.Files.newByteChannel(Files.java:407)
	at java.nio.file.Files.readAllBytes(Files.java:3152)
	at scala.meta.internal.io.PlatformFileIO$.slurp(PlatformFileIO.scala:45)
	at scala.meta.internal.io.FileIO$.slurp(FileIO.scala:24)
	at scala.meta.internal.metals.MetalsLanguageServer.$anonfun$onChange$1(MetalsLanguageServer.scala:725)
	at scala.meta.internal.metals.MetalsLanguageServer.$anonfun$onChange$1$adapted(MetalsLanguageServer.scala:724)
	at scala.collection.immutable.Stream.foreach(Stream.scala:533)
	at scala.meta.internal.metals.MetalsLanguageServer.onChange(MetalsLanguageServer.scala:724)
	at scala.meta.internal.metals.MetalsLanguageServer.didChangeWatchedFiles(MetalsLanguageServer.scala:689)
	... 16 more

WARN  Skipping build import, no checksum.
WARN  code navigation does not work for the file '/tmp_amd/adams/export/adams/2/ccon404/workspace/assignment3/src/main/scala/assignment.scala' because it doesn't belong to a build target.
WARN  code navigation does not work for the file '/tmp_amd/adams/export/adams/2/ccon404/workspace/assignment3/src/main/scala/assignment.scala' because it doesn't belong to a build target.
WARN  code navigation does not work for the file '/tmp_amd/adams/export/adams/2/ccon404/workspace/assignment3/src/main/scala/assignment.scala' because it doesn't belong to a build target.
WARN  code navigation does not work for the file '/tmp_amd/adams/export/adams/2/ccon404/workspace/assignment3/src/main/scala/assignment.scala' because it doesn't belong to a build target.
WARN  code navigation does not work for the file '/tmp_amd/adams/export/adams/2/ccon404/workspace/assignment3/src/main/scala/assignment.scala' because it doesn't belong to a build target.
WARN  code navigation does not work for the file '/tmp_amd/adams/export/adams/2/ccon404/workspace/assignment3/src/main/scala/assignment.scala' because it doesn't belong to a build target.
WARN  code navigation does not work for the file '/tmp_amd/adams/export/adams/2/ccon404/workspace/assignment3/src/main/scala/assignment.scala' because it doesn't belong to a build target.
WARN  no build target: /tmp_amd/adams/export/adams/2/ccon404/workspace/assignment3/src/main/scala/assignment.scala
WARN  Skipping build import, no checksum.
something's wrong: no file:///tmp_amd/adams/export/adams/2/ccon404/workspace/assignment3/src/main/scala/assignment.scala in List[Map[String,Any]]RangePosition(file:///tmp_amd/adams/export/adams/2/ccon404/workspace/assignment3/src/main/scala/assignment.scala, 2343, 2343, 2364)
